c:\users\yadin\desktop\study\גרפיקה ממוחשבת\06_targil4_opengl_eyes_move_rotate_scale_26_05_2017\opengl\debug\opengl.pch
c:\users\yadin\desktop\study\גרפיקה ממוחשבת\06_targil4_opengl_eyes_move_rotate_scale_26_05_2017\opengl\debug\vc141.pdb
c:\users\yadin\desktop\study\גרפיקה ממוחשבת\06_targil4_opengl_eyes_move_rotate_scale_26_05_2017\opengl\debug\vc141.idb
c:\users\yadin\desktop\study\גרפיקה ממוחשבת\06_targil4_opengl_eyes_move_rotate_scale_26_05_2017\opengl\debug\stdafx.obj
c:\users\yadin\desktop\study\גרפיקה ממוחשבת\06_targil4_opengl_eyes_move_rotate_scale_26_05_2017\opengl\debug\glview.obj
c:\users\yadin\desktop\study\גרפיקה ממוחשבת\06_targil4_opengl_eyes_move_rotate_scale_26_05_2017\opengl\debug\opengl.obj
c:\users\yadin\desktop\study\גרפיקה ממוחשבת\06_targil4_opengl_eyes_move_rotate_scale_26_05_2017\opengl\debug\opengldlg.obj
c:\users\yadin\desktop\study\גרפיקה ממוחשבת\06_targil4_opengl_eyes_move_rotate_scale_26_05_2017\debug\opengl.ilk
c:\users\yadin\desktop\study\גרפיקה ממוחשבת\06_targil4_opengl_eyes_move_rotate_scale_26_05_2017\debug\opengl.exe
c:\users\yadin\desktop\study\גרפיקה ממוחשבת\06_targil4_opengl_eyes_move_rotate_scale_26_05_2017\debug\opengl.pdb
c:\users\yadin\desktop\study\גרפיקה ממוחשבת\06_targil4_opengl_eyes_move_rotate_scale_26_05_2017\opengl\debug\opengl.res
c:\users\yadin\desktop\study\גרפיקה ממוחשבת\06_targil4_opengl_eyes_move_rotate_scale_26_05_2017\opengl\debug\opengl.tlog\cl.command.1.tlog
c:\users\yadin\desktop\study\גרפיקה ממוחשבת\06_targil4_opengl_eyes_move_rotate_scale_26_05_2017\opengl\debug\opengl.tlog\cl.read.1.tlog
c:\users\yadin\desktop\study\גרפיקה ממוחשבת\06_targil4_opengl_eyes_move_rotate_scale_26_05_2017\opengl\debug\opengl.tlog\cl.write.1.tlog
c:\users\yadin\desktop\study\גרפיקה ממוחשבת\06_targil4_opengl_eyes_move_rotate_scale_26_05_2017\opengl\debug\opengl.tlog\link.command.1.tlog
c:\users\yadin\desktop\study\גרפיקה ממוחשבת\06_targil4_opengl_eyes_move_rotate_scale_26_05_2017\opengl\debug\opengl.tlog\link.read.1.tlog
c:\users\yadin\desktop\study\גרפיקה ממוחשבת\06_targil4_opengl_eyes_move_rotate_scale_26_05_2017\opengl\debug\opengl.tlog\link.write.1.tlog
c:\users\yadin\desktop\study\גרפיקה ממוחשבת\06_targil4_opengl_eyes_move_rotate_scale_26_05_2017\opengl\debug\opengl.tlog\rc.command.1.tlog
c:\users\yadin\desktop\study\גרפיקה ממוחשבת\06_targil4_opengl_eyes_move_rotate_scale_26_05_2017\opengl\debug\opengl.tlog\rc.read.1.tlog
c:\users\yadin\desktop\study\גרפיקה ממוחשבת\06_targil4_opengl_eyes_move_rotate_scale_26_05_2017\opengl\debug\opengl.tlog\rc.write.1.tlog
